\BOOKMARK [0][-]{chapter*.1}{Danksagung}{}% 1
\BOOKMARK [0][-]{chapter*.2}{Selbstst\344ndigkeitserkl\344rung}{}% 2
\BOOKMARK [0][-]{section*.3}{Inhaltsverzeichnis}{}% 3
\BOOKMARK [0][-]{section*.4}{Abbildungsverzeichnis}{}% 4
\BOOKMARK [0][-]{chapter.1}{Einleitung}{}% 5
\BOOKMARK [1][-]{section.1.1}{Motivation}{chapter.1}% 6
\BOOKMARK [1][-]{section.1.2}{Problemstellung}{chapter.1}% 7
\BOOKMARK [1][-]{section.1.3}{Zielsetzung}{chapter.1}% 8
\BOOKMARK [1][-]{section.1.4}{Vorgehen bei der Umsetzung}{chapter.1}% 9
\BOOKMARK [1][-]{section.1.5}{Aufbau der Arbeit}{chapter.1}% 10
\BOOKMARK [0][-]{chapter.2}{Stand der Technik}{}% 11
\BOOKMARK [1][-]{section.2.1}{Bestehende L\366sungsans\344tze}{chapter.2}% 12
\BOOKMARK [2][-]{subsection.2.1.1}{Flyeralarm}{section.2.1}% 13
\BOOKMARK [2][-]{subsection.2.1.2}{Spread Shirt}{section.2.1}% 14
\BOOKMARK [2][-]{subsection.2.1.3}{Becher-bedrucken.de}{section.2.1}% 15
\BOOKMARK [1][-]{section.2.2}{3D Online Konfiguratoren}{chapter.2}% 16
\BOOKMARK [1][-]{section.2.3}{Webframeworks}{chapter.2}% 17
\BOOKMARK [1][-]{section.2.4}{Flash und WebGL}{chapter.2}% 18
\BOOKMARK [1][-]{section.2.5}{3D JavaScript Bibliotheken}{chapter.2}% 19
\BOOKMARK [0][-]{chapter.3}{Grundlagen}{}% 20
\BOOKMARK [1][-]{section.3.1}{Single Page Anwendungen}{chapter.3}% 21
\BOOKMARK [1][-]{section.3.2}{Framework Angular}{chapter.3}% 22
\BOOKMARK [2][-]{subsection.3.2.1}{Komponentenbasierte Programmierung}{section.3.2}% 23
\BOOKMARK [2][-]{subsection.3.2.2}{Modulare Umsetzung}{section.3.2}% 24
\BOOKMARK [2][-]{subsection.3.2.3}{Grundfunktionen des Frameworks}{section.3.2}% 25
\BOOKMARK [2][-]{subsection.3.2.4}{Angular CLI}{section.3.2}% 26
\BOOKMARK [2][-]{subsection.3.2.5}{Versionen}{section.3.2}% 27
\BOOKMARK [1][-]{section.3.3}{Three.js}{chapter.3}% 28
\BOOKMARK [2][-]{subsection.3.3.1}{Die Szene}{section.3.3}% 29
\BOOKMARK [2][-]{subsection.3.3.2}{Modelle}{section.3.3}% 30
\BOOKMARK [2][-]{subsection.3.3.3}{Events}{section.3.3}% 31
\BOOKMARK [1][-]{section.3.4}{Responsive Webdesign}{chapter.3}% 32
\BOOKMARK [1][-]{section.3.5}{Usability}{chapter.3}% 33
\BOOKMARK [1][-]{section.3.6}{Performance}{chapter.3}% 34
\BOOKMARK [0][-]{chapter.4}{Anforderungen und Konzeption}{}% 35
\BOOKMARK [1][-]{section.4.1}{Funktionale Anforderungen}{chapter.4}% 36
\BOOKMARK [1][-]{section.4.2}{Nicht Funktionale Anforderungen}{chapter.4}% 37
\BOOKMARK [1][-]{section.4.3}{Konzept}{chapter.4}% 38
\BOOKMARK [1][-]{section.4.4}{Umsetzung \046 Imlementierung}{chapter.4}% 39
\BOOKMARK [0][-]{appendix.A}{Lorem Ipsum}{}% 40
\BOOKMARK [0][-]{appendix*.54}{Glossar}{}% 41
\BOOKMARK [0][-]{appendix*.55}{Literaturverzeichnis}{}% 42
