This is pdfTeX, Version 3.14159265-2.6-1.40.20 (MiKTeX 2.9.6980) (preloaded format=pdflatex 2019.3.13)  3 APR 2019 19:43
entering extended mode
**./abschlussarbeit.tex
(abschlussarbeit.tex
LaTeX2e <2018-12-01>
(/home/luke/.miktex/texmfs/install/tex/latex/memoir/memoir.cls
Document Class: memoir 2018/12/12 v3.7h configurable book, report, article docu
ment class
\onelineskip=\skip41
\lxvchars=\skip42
\xlvchars=\skip43
\@memcnta=\count80
\c@@memmarkcntra=\count81
(/home/luke/.miktex/texmfs/install/tex/generic/oberdiek/ifpdf.sty
Package: ifpdf 2018/09/07 v3.3 Provides the ifpdf switch
)
(/home/luke/.miktex/texmfs/install/tex/latex/ifetex/ifetex.sty
Package: ifetex 2018/03/31 v1.2a ifetex

(/home/luke/.miktex/texmfs/install/tex/plain/ifetex/ifetex.tex))
(/home/luke/.miktex/texmfs/install/tex/generic/ifxetex/ifxetex.sty
Package: ifxetex 2010/09/12 v0.6 Provides ifxetex conditional
)
(/home/luke/.miktex/texmfs/install/tex/generic/oberdiek/ifluatex.sty
Package: ifluatex 2016/05/16 v1.4 Provides the ifluatex switch (HO)
Package ifluatex Info: LuaTeX not detected.
)
\stockheight=\skip44
\stockwidth=\skip45
\trimtop=\skip46
\trimedge=\skip47

(/home/luke/.miktex/texmfs/install/tex/latex/memoir/mem11.clo
File: mem11.clo 2008/01/30 v0.3 memoir class 11pt size option
)
\binding=\skip48
\spinemargin=\skip49
\foremargin=\skip50
\uppermargin=\skip51
\lowermargin=\skip52
\headdrop=\skip53
\normalrulethickness=\skip54
\mem@maxheadheight=\skip55
\mem@maxfootheight=\skip56
\headwidth=\skip57
\c@storedpagenumber=\count82
\memPD=\dimen102
\m@mabparskip=\skip58
\thanksmarkwidth=\skip59
\thanksmarksep=\skip60
\droptitle=\skip61
\c@book=\count83
\c@part=\count84
\c@chapter=\count85
\c@section=\count86
\c@subsection=\count87
\c@subsubsection=\count88
\c@paragraph=\count89
\c@subparagraph=\count90
\beforechapskip=\skip62
\midchapskip=\skip63
\afterchapskip=\skip64
\chapindent=\skip65
\bottomsectionskip=\skip66
\secindent=\skip67
\beforesecskip=\skip68
\aftersecskip=\skip69
\subsecindent=\skip70
\beforesubsecskip=\skip71
\aftersubsecskip=\skip72
\subsubsecindent=\skip73
\beforesubsubsecskip=\skip74
\aftersubsubsecskip=\skip75
\paraindent=\skip76
\beforeparaskip=\skip77
\afterparaskip=\skip78
\subparaindent=\skip79
\beforesubparaskip=\skip80
\aftersubparaskip=\skip81
\pfbreakskip=\skip82
\c@@ppsavesec=\count91
\c@@ppsaveapp=\count92
\ragrparindent=\dimen103
\everylistparindent=\dimen104
\parsepi=\skip83
\topsepi=\skip84
\itemsepi=\skip85
\parsepii=\skip86
\topsepii=\skip87
\topsepiii=\skip88
\itemsepii=\skip89
\itemsepiii=\skip90
\partopsepii=\skip91
\partopsepiii=\skip92
\m@msavetopsep=\skip93
\m@msavepartopsep=\skip94
\@enLab=\toks14
\abstitleskip=\skip95
\absleftindent=\skip96
\abs@leftindent=\dimen105
\absrightindent=\skip97
\absparindent=\skip98
\absparsep=\skip99
\c@vslineno=\count93
\c@poemline=\count94
\c@modulo@vs=\count95
\c@memfvsline=\count96
\vleftskip=\skip100
\vrightskip=\skip101
\stanzaskip=\skip102
\versewidth=\skip103
\vgap=\skip104
\vindent=\skip105
\vleftmargin=\dimen106
\c@verse=\count97
\c@chrsinstr=\count98
\beforepoemtitleskip=\skip106
\afterpoemtitleskip=\skip107
\c@poem=\count99
\beforePoemTitleskip=\skip108
\midPoemTitleskip=\skip109
\afterPoemTitleskip=\skip110

(/home/luke/.miktex/texmfs/install/tex/latex/tools/array.sty
Package: array 2018/12/30 v2.4k Tabular extension package (FMi)
\col@sep=\dimen107
\ar@mcellbox=\box27
\extrarowheight=\dimen108
\NC@list=\toks15
\extratabsurround=\skip111
\backup@length=\skip112
\ar@cellbox=\box28
)
(/home/luke/.miktex/texmfs/install/tex/latex/tools/dcolumn.sty
Package: dcolumn 2014/10/28 v1.06 decimal alignment package (DPC)
)
(/home/luke/.miktex/texmfs/install/tex/latex/tools/delarray.sty
Package: delarray 2014/10/28 v1.01 array delimiter package (DPC)
)
(/home/luke/.miktex/texmfs/install/tex/latex/tools/tabularx.sty
Package: tabularx 2016/02/03 v2.11b `tabularx' package (DPC)
\TX@col@width=\dimen109
\TX@old@table=\dimen110
\TX@old@col=\dimen111
\TX@target=\dimen112
\TX@delta=\dimen113
\TX@cols=\count100
\TX@ftn=\toks16
)
\heavyrulewidth=\dimen114
\lightrulewidth=\dimen115
\cmidrulewidth=\dimen116
\belowrulesep=\dimen117
\belowbottomsep=\dimen118
\aboverulesep=\dimen119
\abovetopsep=\dimen120
\cmidrulesep=\dimen121
\cmidrulekern=\dimen122
\defaultaddspace=\dimen123
\@cmidla=\count101
\@cmidlb=\count102
\@aboverulesep=\dimen124
\@belowrulesep=\dimen125
\@thisruleclass=\count103
\@lastruleclass=\count104
\@thisrulewidth=\dimen126
\ctableftskip=\skip113
\ctabrightskip=\skip114
\abovecolumnspenalty=\count105
\@linestogo=\count106
\@cellstogo=\count107
\@cellsincolumn=\count108
\crtok=\toks17
\@mincolumnwidth=\dimen127
\c@newflo@tctr=\count109
\mem@margin@floatbox=\box29
\@contcwidth=\skip115
\@contindw=\skip116
\abovecaptionskip=\skip117
\belowcaptionskip=\skip118
\subfloattopskip=\skip119
\subfloatcapskip=\skip120
\subfloatcaptopadj=\skip121
\subfloatbottomskip=\skip122
\subfloatlabelskip=\skip123
\subfloatcapmargin=\dimen128
\c@@contsubnum=\count110
\m@mscap@capbox=\box30
\m@mscap@fbox=\box31
\sidecapsep=\dimen129
\sidecapwidth=\dimen130
\m@m@tempdima=\dimen131
\m@mscapraise=\dimen132
\sidecapraise=\dimen133
\m@mscapmainwidth=\dimen134
\m@mscaplkern=\dimen135
\beforeepigraphskip=\skip124
\afterepigraphskip=\skip125
\epigraphwidth=\skip126
\epigraphrule=\skip127
LaTeX Info: Redefining \em on input line 7592.
LaTeX Info: Redefining \emph on input line 7600.
\tocentryskip=\skip128
\tocbaseline=\skip129
\cftparskip=\skip130
\cftbeforebookskip=\skip131
\cftbookindent=\dimen136
\cftbooknumwidth=\dimen137
\cftbeforepartskip=\skip132
\cftpartindent=\skip133
\cftpartnumwidth=\skip134
\cftbeforechapterskip=\skip135
\cftchapterindent=\skip136
\cftchapternumwidth=\skip137
\cftbeforesectionskip=\skip138
\cftsectionindent=\skip139
\cftsectionnumwidth=\skip140
\cftbeforesubsectionskip=\skip141
\cftsubsectionindent=\skip142
\cftsubsectionnumwidth=\skip143
\cftbeforesubsubsectionskip=\skip144
\cftsubsubsectionindent=\skip145
\cftsubsubsectionnumwidth=\skip146
\cftbeforeparagraphskip=\skip147
\cftparagraphindent=\skip148
\cftparagraphnumwidth=\skip149
\cftbeforesubparagraphskip=\skip150
\cftsubparagraphindent=\skip151
\cftsubparagraphnumwidth=\skip152
\prechapterprecisshift=\dimen138
\c@maxsecnumdepth=\count111
\bibindent=\dimen139
\bibitemsep=\skip153
\indexcolsep=\skip154
\indexrule=\skip155
\indexmarkstyle=\toks18
\@indexbox=\insert199
\glossarycolsep=\dimen140
\glossaryrule=\dimen141
\sideparvshift=\skip156
\sideins=\insert198
\sidebartopsep=\skip157
\sidebarhsep=\skip158
\sidebarvsep=\skip159
\sidebarwidth=\skip160
\footmarkwidth=\skip161
\footmarksep=\skip162
\footparindent=\skip163
\footinsdim=\skip164
\footinsv@r=\insert197
\@mpfootinsv@r=\insert196
\m@m@k=\count112
\m@m@h=\dimen142
\m@mipn@skip=\skip165
\sidefootins=\insert195
\sidefootadjust=\skip166
\sidefootheight=\skip167
\sidefoothsep=\skip168
\sidefootvsep=\skip169
\sidefootwidth=\skip170
\m@mdownsf=\skip171
\c@sidefootnote=\count113
\sidefootmarkwidth=\skip172
\sidefootmarksep=\skip173
\sidefootparindent=\skip174
\c@pagenote=\count114
\c@pagenoteshadow=\count115
\mem@pn@lastkern=\skip175
\every@verbatim=\toks19
\afterevery@verbatim=\toks20
\verbatim@line=\toks21
\tab@position=\count116
\verbatim@in@stream=\read1
\verbatimindent=\skip176
\verbatim@out=\write3
\bvboxsep=\skip177
\c@memfbvline=\count117
\c@bvlinectr=\count118
\bvnumlength=\skip178
\fb@frw=\dimen143
\fb@frh=\dimen144
\FrameRule=\dimen145
\FrameSep=\dimen146
\c@cp@cntr=\count119
LaTeX Info: Redefining \: on input line 12114.
LaTeX Info: Redefining \! on input line 12116.
\c@ism@mctr=\count120
\c@xsm@mctr=\count121
\c@csm@mctr=\count122
\c@ksm@mctr=\count123
\c@xksm@mctr=\count124
\c@cksm@mctr=\count125
\c@msm@mctr=\count126
\c@xmsm@mctr=\count127
\c@cmsm@mctr=\count128
\c@bsm@mctr=\count129
\c@workm@mctr=\count130
\c@sheetsequence=\count131
\c@lastsheet=\count132
\c@lastpage=\count133
\c@figure=\count134
\c@lofdepth=\count135
\cftbeforefigureskip=\skip179
\cftfigureindent=\skip180
\cftfigurenumwidth=\skip181
\c@table=\count136
\c@lotdepth=\count137
\cftbeforetableskip=\skip182
\cfttableindent=\skip183
\cfttablenumwidth=\skip184
Package abstract [2008/07/23] emulated by memoir.
Package appendix [2008/07/23] emulated by memoir.
Package booktabs [2016/05/16] emulated by memoir.
Package ccaption [2008/07/23] emulated by memoir.
Package changepage [2008/07/23] emulated by memoir.
Package chngcntr [2008/07/23] emulated by memoir.
Package chngpage [2008/07/23] emulated by memoir.
Package crop emulated by memoir.
Package enumerate [2008/07/23] emulated by memoir.
Package epigraph [2008/07/23] emulated by memoir.
Package ifmtarg [2008/07/23] emulated by memoir.
Package index [2008/07/23] emulated by memoir.
Package makeidx [2008/07/23] emulated by memoir.
Package moreverb [2008/07/23] emulated by memoir.
Package mparhack [2008/07/23] emulated by memoir.
Package needspace [2008/07/23] emulated by memoir.
Package newfile [2008/07/23] emulated by memoir.
Package nextpage [2008/07/23] emulated by memoir.
Package pagenote [2008/07/23] emulated by memoir.
Package parskip [2008/07/23] emulated by memoir.
Package patchcmd [2008/07/23] emulated by memoir.
Package setspace [2008/07/23] emulated by memoir.
Package shortvrb [2008/07/23] emulated by memoir.
Package showidx [2008/07/23] emulated by memoir.
Package titleref [2008/07/23] emulated by memoir.
Package titling [2008/07/23] emulated by memoir.
Package tocbibind [2008/07/23] emulated by memoir.
Package tocloft [2008/07/23] emulated by memoir.
Package tocvsec2 [2008/07/23] emulated by memoir.
Package verbatim [2008/07/23] emulated by memoir.
Package verse [2008/07/23] emulated by memoir.
)

******************************************************
Stock height and width: 845.04684pt by 597.50787pt
Top and edge trims: 0pt and 0pt
Page height and width: 845.04684pt by 597.50787pt
Text height and width: 595.80026pt by 416pt
Spine and edge margins: 72.26999pt and 108.405pt
Upper and lower margins: 126.74379pt and 122.50279pt
Headheight and headsep: 13.6pt and 19.8738pt
Footskip: 27.46295pt
Columnsep and columnseprule: 10pt and 0pt
Marginparsep and marginparwidth: 7pt and 94.405pt
Sidecapsep and sidecapwidth: 7pt and 101pt
Sidebarhsep and sidebarwidth: 7pt and 101pt
Sidebarvsep and sidebartopsep: 13.6pt and 0pt
Sidebarheight: 594.32022pt
Sidefoothsep and sidefootwidth: 7pt and 101pt
Sidefootvsep and sidefootheight: 13.6pt and 594.32022pt
******************************************************

(/home/luke/.miktex/texmfs/install/tex/latex/graphics/graphicx.sty
Package: graphicx 2017/06/01 v1.1a Enhanced LaTeX Graphics (DPC,SPQR)

(/home/luke/.miktex/texmfs/install/tex/latex/graphics/keyval.sty
Package: keyval 2014/10/28 v1.15 key=value parser (DPC)
\KV@toks@=\toks22
)
(/home/luke/.miktex/texmfs/install/tex/latex/graphics/graphics.sty
Package: graphics 2017/06/25 v1.2c Standard LaTeX Graphics (DPC,SPQR)

(/home/luke/.miktex/texmfs/install/tex/latex/graphics/trig.sty
Package: trig 2016/01/03 v1.10 sin cos tan (DPC)
)
(/home/luke/.miktex/texmfs/install/tex/latex/graphics-cfg/graphics.cfg
File: graphics.cfg 2016/06/04 v1.11 sample graphics configuration
)
Package graphics Info: Driver file: pdftex.def on input line 99.

(/home/luke/.miktex/texmfs/install/tex/latex/graphics-def/pdftex.def
File: pdftex.def 2018/01/08 v1.0l Graphics/color driver for pdftex
))
\Gin@req@height=\dimen147
\Gin@req@width=\dimen148
)
(/home/luke/.miktex/texmfs/install/tex/latex/base/latexsym.sty
Package: latexsym 1998/08/17 v2.2e Standard LaTeX package (lasy symbols)
\symlasy=\mathgroup4
LaTeX Font Info:    Overwriting symbol font `lasy' in version `bold'
(Font)                  U/lasy/m/n --> U/lasy/b/n on input line 52.
)
(/home/luke/.miktex/texmfs/install/tex/latex/graphics/epsfig.sty
Package: epsfig 2017/06/25 v1.7b (e)psfig emulation (SPQR)
\epsfxsize=\dimen149
\epsfysize=\dimen150
)
(/home/luke/.miktex/texmfs/install/tex/latex/graphics/rotating.sty
Package: rotating 2016/08/11 v2.16d rotated objects in LaTeX

(/home/luke/.miktex/texmfs/install/tex/latex/base/ifthen.sty
Package: ifthen 2014/09/29 v1.1c Standard LaTeX ifthen package (DPC)
)
\c@r@tfl@t=\count138
\rotFPtop=\skip185
\rotFPbot=\skip186
\rot@float@box=\box32
\rot@mess@toks=\toks23
)
(/home/luke/.miktex/texmfs/install/tex/latex/doublestroke/dsfont.sty
Package: dsfont 1995/08/01 v0.1 Double stroke roman fonts
)
(/home/luke/.miktex/texmfs/install/tex/generic/german/german.sty
v2.5e 1998-07-08
Package: german 1998/07/08 v2.5e Support for writing german texts (br)
\grmnU@D=\dimen151
german -- \language number for USenglish undefined, default 255 used.
german -- \language number for UKenglish undefined, default 255 used.

german -- \language number for German undefined, default 255 used,
german -- Please read "gerdoc.tex" how to install hyphenation patterns.
german -- \language number for Austrian undefined, default 255 used.
german -- \language number for French undefined, default 255 used.
)
(/home/luke/.miktex/texmfs/install/tex/latex/base/inputenc.sty
Package: inputenc 2018/08/11 v1.3c Input encoding file
\inpenc@prehook=\toks24
\inpenc@posthook=\toks25
)
(/home/luke/.miktex/texmfs/install/tex/latex/colortbl/colortbl.sty
Package: colortbl 2018/12/12 v1.0d Color table columns (DPC)

(/home/luke/.miktex/texmfs/install/tex/latex/graphics/color.sty
Package: color 2016/07/10 v1.1e Standard LaTeX Color (DPC)

(/home/luke/.miktex/texmfs/install/tex/latex/graphics-cfg/color.cfg
File: color.cfg 2016/01/02 v1.6 sample color configuration
)
Package color Info: Driver file: pdftex.def on input line 147.
)
\everycr=\toks26
\minrowclearance=\skip187
)
(/home/luke/.miktex/texmfs/install/tex/latex/algorithms/algorithm.sty
Package: algorithm 2009/08/24 v0.1 Document Style `algorithm' - floating enviro
nment

(/home/luke/.miktex/texmfs/install/tex/latex/float/float.sty
Package: float 2001/11/08 v1.3d Float enhancements (AL)
\c@float@type=\count139
\float@exts=\toks27
\float@box=\box33
\@float@everytoks=\toks28
\@floatcapt=\box34
)
\@float@every@algorithm=\toks29
\c@algorithm=\count140
)
(/home/luke/.miktex/texmfs/install/tex/latex/algorithms/algorithmic.sty
Package: algorithmic 2009/08/24 v0.1 Document Style `algorithmic'
\c@ALC@unique=\count141
\c@ALC@line=\count142
\c@ALC@rem=\count143
\c@ALC@depth=\count144
\ALC@tlm=\skip188
\algorithmicindent=\skip189
)
(/home/luke/.miktex/texmfs/install/tex/latex/layouts/layouts.sty
Package: layouts 2009/09/02 v2.6d graphical depiction of document elements
\l@ylen=\skip190
\layoutsbox=\box35
\l@youtunitlength=\skip191
\l@youtlinethick=\skip192
\l@youtlinethickii=\skip193
\l@ysetupparskip=\skip194
\l@ysetupbaselineskip=\skip256
\l@yonem=\skip257
\l@yonex=\skip258
\l@ylmarg=\skip259
\l@yrmarg=\skip260
\l@yitmindent=\skip261
\l@ylblwidth=\skip262
\l@ylblsep=\skip263
\l@ylparindent=\skip264
\l@ytsep=\skip265
\l@ypskip=\skip266
\l@yptsep=\skip267
\l@ypsep=\skip268
\l@yitmsep=\skip269
\l@ytok=\toks30
\l@youtpw=\count145
\l@youtph=\count146
\l@youthpi=\count147
\l@youthpii=\count148
\l@youthpiii=\count149
\l@youthpiv=\count150
\l@youthpv=\count151
\l@youthpvi=\count152
\l@youthpvii=\count153
\l@youtparskip=\count154
\l@youtvpi=\count155
\l@youtvpii=\count156
\l@youtvpiii=\count157
\l@youtvpiv=\count158
\l@youtvpv=\count159
\l@youtvpvi=\count160
\l@youtvpvii=\count161
\l@youthdo=\count162
\l@youthdi=\count163
\l@youthdii=\count164
\l@youthdiii=\count165
\l@youthdiv=\count166
\l@youthdv=\count167
\l@youthdvi=\count168
\l@youthdvii=\count169
\l@youtvdo=\count170
\l@youtvdi=\count171
\l@youtvdii=\count172
\l@youtvdiii=\count173
\l@youtvdiv=\count174
\l@youtvdv=\count175
\l@youtvdvi=\count176
\l@youtvdvii=\count177
\l@youtvdviii=\count178
\l@youtxci=\count179
\l@youtxcii=\count180
\l@youtxciii=\count181
\l@youtxciv=\count182
\l@youtxcv=\count183
\l@youtxcvi=\count184
\l@youtyci=\count185
\l@youtycii=\count186
\l@youtyciii=\count187
\l@youtyciv=\count188
\l@youtycv=\count189
\l@youtycvi=\count190
\l@youtycvii=\count191
\l@youtycviii=\count192
\l@youtxco=\count193
\l@youtyco=\count194
\l@ytempdima=\skip270
)
\abschlussarbeit@idxfile=\write4
\openout4 = `abschlussarbeit.idx'.


Writing index file abschlussarbeit.idx 

Class memoir Warning: You are using the caption package with the memoir class. 
To prepare we will now reset all captioning macros and configurations to kernel
 defaults, and then let the caption package take over. Please remember to use
 the caption package interfaces in order to
 configure your captions.

(/home/luke/.miktex/texmfs/install/tex/latex/caption/caption.sty
Package: caption 2018/10/06 v3.3-154 Customizing captions (AR)

(/home/luke/.miktex/texmfs/install/tex/latex/caption/caption3.sty
Package: caption3 2018/09/12 v1.8c caption3 kernel (AR)
Package caption3 Info: TeX engine: e-TeX on input line 64.
\captionmargin=\dimen152
\captionmargin@=\dimen153
\captionwidth=\dimen154
\caption@tempdima=\dimen155
\caption@indent=\dimen156
\caption@parindent=\dimen157
\caption@hangindent=\dimen158
)
\c@caption@flags=\count266
\c@ContinuedFloat=\count267
Package caption Info: float package is loaded.
Package caption Info: rotating package is loaded.
)
(/home/luke/.miktex/texmfs/install/tex/latex/hyperref/hyperref.sty
Package: hyperref 2018/11/30 v6.88e Hypertext links for LaTeX

(/home/luke/.miktex/texmfs/install/tex/generic/oberdiek/hobsub-hyperref.sty
Package: hobsub-hyperref 2016/05/16 v1.14 Bundle oberdiek, subset hyperref (HO)


(/home/luke/.miktex/texmfs/install/tex/generic/oberdiek/hobsub-generic.sty
Package: hobsub-generic 2016/05/16 v1.14 Bundle oberdiek, subset generic (HO)
Package: hobsub 2016/05/16 v1.14 Construct package bundles (HO)
Package: infwarerr 2016/05/16 v1.4 Providing info/warning/error messages (HO)
Package: ltxcmds 2016/05/16 v1.23 LaTeX kernel commands for general use (HO)
Package hobsub Info: Skipping package `ifluatex' (already loaded).
Package: ifvtex 2016/05/16 v1.6 Detect VTeX and its facilities (HO)
Package ifvtex Info: VTeX not detected.
Package: intcalc 2016/05/16 v1.2 Expandable calculations with integers (HO)
Package hobsub Info: Skipping package `ifpdf' (already loaded).
Package: etexcmds 2016/05/16 v1.6 Avoid name clashes with e-TeX commands (HO)
Package: kvsetkeys 2016/05/16 v1.17 Key value parser (HO)
Package: kvdefinekeys 2016/05/16 v1.4 Define keys (HO)
Package: pdftexcmds 2018/09/10 v0.29 Utility functions of pdfTeX for LuaTeX (HO
)
Package pdftexcmds Info: LuaTeX not detected.
Package pdftexcmds Info: \pdf@primitive is available.
Package pdftexcmds Info: \pdf@ifprimitive is available.
Package pdftexcmds Info: \pdfdraftmode found.
Package: pdfescape 2016/05/16 v1.14 Implements pdfTeX's escape features (HO)
Package: bigintcalc 2016/05/16 v1.4 Expandable calculations on big integers (HO
)
Package: bitset 2016/05/16 v1.2 Handle bit-vector datatype (HO)
Package: uniquecounter 2016/05/16 v1.3 Provide unlimited unique counter (HO)
)
Package hobsub Info: Skipping package `hobsub' (already loaded).
Package: letltxmacro 2016/05/16 v1.5 Let assignment for LaTeX macros (HO)
Package: hopatch 2016/05/16 v1.3 Wrapper for package hooks (HO)
Package: xcolor-patch 2016/05/16 xcolor patch
Package: atveryend 2016/05/16 v1.9 Hooks at the very end of document (HO)
Package atveryend Info: \enddocument detected (standard20110627).
Package: atbegshi 2016/06/09 v1.18 At begin shipout hook (HO)
Package: refcount 2016/05/16 v3.5 Data extraction from label references (HO)
Package: hycolor 2016/05/16 v1.8 Color options for hyperref/bookmark (HO)
)
(/home/luke/.miktex/texmfs/install/tex/latex/oberdiek/auxhook.sty
Package: auxhook 2016/05/16 v1.4 Hooks for auxiliary files (HO)
)
(/home/luke/.miktex/texmfs/install/tex/latex/oberdiek/kvoptions.sty
Package: kvoptions 2016/05/16 v3.12 Key value format for package options (HO)
)
\@linkdim=\dimen159
\Hy@linkcounter=\count268
\Hy@pagecounter=\count269

(/home/luke/.miktex/texmfs/install/tex/latex/hyperref/pd1enc.def
File: pd1enc.def 2018/11/30 v6.88e Hyperref: PDFDocEncoding definition (HO)
Now handling font encoding PD1 ...
... no UTF-8 mapping file for font encoding PD1
)
\Hy@SavedSpaceFactor=\count270

(/home/luke/.miktex/texmfs/install/tex/latex/00miktex/hyperref.cfg
File: hyperref.cfg 2002/06/06 v1.2 hyperref configuration of TeXLive
)
Package hyperref Info: Hyper figures OFF on input line 4519.
Package hyperref Info: Link nesting OFF on input line 4524.
Package hyperref Info: Hyper index ON on input line 4527.
Package hyperref Info: Plain pages OFF on input line 4534.
Package hyperref Info: Backreferencing OFF on input line 4539.
Package hyperref Info: Implicit mode ON; LaTeX internals redefined.
Package hyperref Info: Bookmarks ON on input line 4772.
\c@Hy@tempcnt=\count271

(/home/luke/.miktex/texmfs/install/tex/latex/url/url.sty
\Urlmuskip=\muskip10
Package: url 2013/09/16  ver 3.4  Verb mode for urls, etc.
)
LaTeX Info: Redefining \url on input line 5125.
\XeTeXLinkMargin=\dimen160
\Fld@menulength=\count272
\Field@Width=\dimen161
\Fld@charsize=\dimen162
Package hyperref Info: Hyper figures OFF on input line 6380.
Package hyperref Info: Link nesting OFF on input line 6385.
Package hyperref Info: Hyper index ON on input line 6388.
Package hyperref Info: backreferencing OFF on input line 6395.
Package hyperref Info: Link coloring OFF on input line 6400.
Package hyperref Info: Link coloring with OCG OFF on input line 6405.
Package hyperref Info: PDF/A mode OFF on input line 6410.
LaTeX Info: Redefining \ref on input line 6450.
LaTeX Info: Redefining \pageref on input line 6454.
\Hy@abspage=\count273
\c@Item=\count274
\c@Hfootnote=\count275
)
(/home/luke/.miktex/texmfs/install/tex/latex/memoir/memhfixc.sty
Package: memhfixc 2013/05/30 v1.17 nameref/hyperref package fixes for memoir cl
ass
\c@memhycontfloat=\count276
\c@Hpagenote=\count277
)
Package hyperref Info: Driver (autodetected): hpdftex.

(/home/luke/.miktex/texmfs/install/tex/latex/hyperref/hpdftex.def
File: hpdftex.def 2018/11/30 v6.88e Hyperref driver for pdfTeX
\Fld@listcount=\count278
\c@bookmark@seq@number=\count279

(/home/luke/.miktex/texmfs/install/tex/latex/oberdiek/rerunfilecheck.sty
Package: rerunfilecheck 2016/05/16 v1.8 Rerun checks for auxiliary files (HO)
Package uniquecounter Info: New unique counter `rerunfilecheck' on input line 2
82.
)
\Hy@SectionHShift=\skip271
)
Package hyperref Info: Option `colorlinks' set `true' on input line 96.

(/home/luke/.miktex/texmfs/install/tex/latex/multibib/multibib.sty
Package: multibib 2008/12/10 v1.4 Multiple bibliographies for one document.
\mb@biblabelwidth=\count280
)
(/home/luke/.miktex/texmfs/install/tex/latex/units/nicefrac.sty
Package: nicefrac 1998/08/04 v0.9b Nice fractions
\L@UnitsRaiseDisplaystyle=\skip272
\L@UnitsRaiseTextstyle=\skip273
\L@UnitsRaiseScriptstyle=\skip274
)
(/home/luke/.miktex/texmfs/install/tex/latex/amsfonts/amssymb.sty
Package: amssymb 2013/01/14 v3.01 AMS font symbols

(/home/luke/.miktex/texmfs/install/tex/latex/amsfonts/amsfonts.sty
Package: amsfonts 2013/01/14 v3.01 Basic AMSFonts support
\@emptytoks=\toks31
\symAMSa=\mathgroup5
\symAMSb=\mathgroup6
LaTeX Font Info:    Overwriting math alphabet `\mathfrak' in version `bold'
(Font)                  U/euf/m/n --> U/euf/b/n on input line 106.
))
(abschlussarbeit.aux (acknow/acknow.aux) (erklaerung/erklaerung.aux)
(intro/intro.aux) (technik/technik.aux) (grundlagen/grundlagen.aux)
(methodik/methodik.aux

LaTeX Warning: Label `sec:problemanalyse' multiply defined.

) (umsetzung/umsetzung.aux) (testphase/testphase.aux) (fazit/fazit.aux)
(anhang/anhang.aux) (glossar/glossar.aux))
\openout1 = `abschlussarbeit.aux'.

LaTeX Font Info:    Checking defaults for OML/cmm/m/it on input line 148.
LaTeX Font Info:    ... okay on input line 148.
LaTeX Font Info:    Checking defaults for T1/cmr/m/n on input line 148.
LaTeX Font Info:    ... okay on input line 148.
LaTeX Font Info:    Checking defaults for OT1/cmr/m/n on input line 148.
LaTeX Font Info:    ... okay on input line 148.
LaTeX Font Info:    Checking defaults for OMS/cmsy/m/n on input line 148.
LaTeX Font Info:    ... okay on input line 148.
LaTeX Font Info:    Checking defaults for OMX/cmex/m/n on input line 148.
LaTeX Font Info:    ... okay on input line 148.
LaTeX Font Info:    Checking defaults for U/cmr/m/n on input line 148.
LaTeX Font Info:    ... okay on input line 148.
LaTeX Font Info:    Checking defaults for PD1/pdf/m/n on input line 148.
LaTeX Font Info:    ... okay on input line 148.

(/home/luke/.miktex/texmfs/install/tex/context/base/mkii/supp-pdf.mkii
[Loading MPS to PDF converter (version 2006.09.02).]
\scratchcounter=\count281
\scratchdimen=\dimen163
\scratchbox=\box36
\nofMPsegments=\count282
\nofMParguments=\count283
\everyMPshowfont=\toks32
\MPscratchCnt=\count284
\MPscratchDim=\dimen164
\MPnumerator=\count285
\makeMPintoPDFobject=\count286
\everyMPtoPDFconversion=\toks33
) (/home/luke/.miktex/texmfs/install/tex/latex/oberdiek/epstopdf-base.sty
Package: epstopdf-base 2016/05/15 v2.6 Base part for package epstopdf

(/home/luke/.miktex/texmfs/install/tex/latex/oberdiek/grfext.sty
Package: grfext 2016/05/16 v1.2 Manage graphics extensions (HO)
)
Package epstopdf-base Info: Redefining graphics rule for `.eps' on input line 4
38.
Package grfext Info: Graphics extension search list:
(grfext)             [.pdf,.png,.jpg,.mps,.jpeg,.jbig2,.jb2,.PDF,.PNG,.JPG,.JPE
G,.JBIG2,.JB2,.eps]
(grfext)             \AppendGraphicsExtensions on input line 456.
)

Package layouts Warning: Layout scale set to 0.5 on input line 148.

Package caption Info: Begin \AtBeginDocument code.
Package caption Info: hyperref package is loaded.
Package caption Info: End \AtBeginDocument code.
\AtBeginShipoutBox=\box37
Package hyperref Info: Link coloring ON on input line 148.
(/home/luke/.miktex/texmfs/install/tex/latex/hyperref/nameref.sty
Package: nameref 2016/05/21 v2.44 Cross-referencing by name of section

(/home/luke/.miktex/texmfs/install/tex/generic/oberdiek/gettitlestring.sty
Package: gettitlestring 2016/05/16 v1.5 Cleanup title references (HO)
)
\c@section@level=\count287
)
Redoing nameref's sectioning
Redoing nameref's label
LaTeX Info: Redefining \nameref on input line 148.
LaTeX Info: Redefining \ref on input line 148.
LaTeX Info: Redefining \pageref on input line 148.
LaTeX Info: Redefining \nameref on input line 148.
(abschlussarbeit.out) (abschlussarbeit.out)
\@outlinefile=\write5
\openout5 = `abschlussarbeit.out'.

<thm.png, id=179, 493.845pt x 60.225pt>
File: thm.png Graphic file (type png)
<use thm.png>
Package pdftex.def Info: thm.png  used on input line 156.
(pdftex.def)             Requested size: 455.24408pt x 55.51701pt.

Overfull \hbox (39.24408pt too wide) in paragraph at lines 156--156
 [] 
 []

LaTeX Font Info:    Try loading font information for U+lasy on input line 156.
(/home/luke/.miktex/texmfs/install/tex/latex/base/ulasy.fd
File: ulasy.fd 1998/08/17 v2.2e LaTeX symbol font definitions
)
LaTeX Font Info:    Try loading font information for U+msa on input line 156.

(/home/luke/.miktex/texmfs/install/tex/latex/amsfonts/umsa.fd
File: umsa.fd 2013/01/14 v3.01 AMS symbols A
)
LaTeX Font Info:    Try loading font information for U+msb on input line 156.

(/home/luke/.miktex/texmfs/install/tex/latex/amsfonts/umsb.fd
File: umsb.fd 2013/01/14 v3.01 AMS symbols B
) [1


{/home/luke/.miktex/texmfs/data/pdftex/config/pdftex.map} <./thm.png>] [2

]pdfTeX warning (ext4): destination with the same identifier (name{page.i}) has
 been already used, duplicate ignored
<to be read again> 
                   \relax 
l.183 	\cleardoublepage
                        [1]pdfTeX warning (ext4): destination with the same ide
ntifier (name{page.ii}) has been already used, duplicate ignored
<to be read again> 
                   \relax 
l.183 	\cleardoublepage
                        [2

]
\openout2 = `acknow/acknow.aux'.

 (acknow/acknow.tex)
Underfull \hbox (badness 10000) in paragraph at lines 2--187

 []

pdfTeX warning (ext4): destination with the same identifier (name{page.i}) has 
been already used, duplicate ignored
<to be read again> 
                   \relax 
l.187 	\include{acknow/acknow}
                               [1


]
\openout2 = `erklaerung/erklaerung.aux'.

 (erklaerung/erklaerung.texpdfTeX warning (ext4): destination with the same ide
ntifier (name{page.ii}) has been already used, duplicate ignored
<to be read again> 
                   \relax 
l.1 \chapter
            {Selbstständigkeitserklärung} [2



])
Underfull \hbox (badness 10000) in paragraph at lines 5--190

 []

[3] [4


] (abschlussarbeit.toc [5])

LaTeX Font Warning: Font shape `OT1/cmss/m/sc' in size <10.95> not available
(Font)              Font shape `OT1/cmr/m/sc' tried instead on input line 197.

[6] (abschlussarbeit.lof) [7

] [8

]
\openout2 = `intro/intro.aux'.

 (intro/intro.tex

LaTeX Font Warning: Font shape `OT1/cmss/m/it' in size <10.95> not available
(Font)              Font shape `OT1/cmss/m/sl' tried instead on input line 24.


Underfull \hbox (badness 10000) in paragraph at lines 24--24
[][] [][][]\OT1/cmss/bx/n/9 Gizeh Verpackungen \OT1/cmss/m/n/9 ist eine interna
tional t[]atige deutsche Unternehmensgruppe die
 []


Overfull \hbox (6.05745pt too wide) in paragraph at lines 24--34
\OT1/cmss/m/n/10.95 Der Kunde \OT1/cmss/m/sl/10.95 Gizeh[][][][][] \OT1/cmss/m/
n/10.95 bedruckt individuelle Mehrwegbecher. Groe Druckportale, wie \OT1/cmss/
m/sl/10.95 Fyleralarm[][][][][]\OT1/cmss/m/n/10.95 ,
 []

[1


]
Overfull \hbox (32.44289pt too wide) in paragraph at lines 72--81
[]\OT1/cmss/bx/n/10.95 Testumgebung[] \OT1/cmss/m/n/10.95 Am Ende der Entwicklu
ng wird die entwickelte Applikation mit der Testumgebung
 []

)
Overfull \hbox (18.73122pt too wide) in paragraph at lines 84--206
\OT1/cmss/m/n/10.95 In dem Kapitel \OT1/cmss/m/sl/10.95 2 Stand der Technik \OT
1/cmss/m/n/10.95 wird zun[]achst auf vorhandene L[]osungen bzw. L[]osungsans[]a
tze
 []


Overfull \hbox (5.02711pt too wide) in paragraph at lines 84--206
\OT1/cmss/m/n/10.95 Beispiele aus anderen Branchen angef[]uhrt, die eine gute 3
D Konfiguration f[]ur andere Produkte
 []


Overfull \hbox (5.67912pt too wide) in paragraph at lines 84--206
\OT1/cmss/m/n/10.95 erm[]oglichen. Kapitel \OT1/cmss/m/sl/10.95 3 Grundlagen \O
T1/cmss/m/n/10.95 erkl[]art grob die verwendeten Technologien. Durch Beispiele
 []

[2] [3]
\openout2 = `technik/technik.aux'.

 (technik/technik.tex [4



]
Overfull \hbox (6.1993pt too wide) in paragraph at lines 11--21
\OT1/cmss/m/n/10.95 Es wird zun[]achst auf vergleichbare Projekte und anschlie
end auf die in der Arbeit verwendeten
 []


Overfull \hbox (5.05853pt too wide) in paragraph at lines 11--21
\OT1/cmss/m/n/10.95 Technologien eingegangen. Dabei wird analysiert, warum eine
 Technologieanalayse im Kontext
 []

<technik/images/flyeralarm.png, id=330, 1509.64pt x 970.62625pt>
File: technik/images/flyeralarm.png Graphic file (type png)
<use technik/images/flyeralarm.png>
Package pdftex.def Info: technik/images/flyeralarm.png  used on input line 31.
(pdftex.def)             Requested size: 312.9803pt x 201.23087pt.

LaTeX Warning: Citation `flyeralarm_mehrwegbecher_nodate' on page 5 undefined o
n input line 36.


Overfull \hbox (1.91783pt too wide) in paragraph at lines 27--38
\OT1/cmss/m/n/10.95 Webseite:[]\OT1/cmss/m/sl/10.95 Aus produktionstechnischen 
Gr[]unden und aufgrund der konischen Form der Becher
 []

[5 <./technik/images/flyeralarm.png>]

LaTeX Warning: Citation `spreadshirt_tassen_nodate' on page 6 undefined on inpu
t line 41.

<technik/images/spread-shirt.png, id=336, 1753.55125pt x 1033.8625pt>
File: technik/images/spread-shirt.png Graphic file (type png)
<use technik/images/spread-shirt.png>
Package pdftex.def Info: technik/images/spread-shirt.png  used on input line 45
.
(pdftex.def)             Requested size: 312.9803pt x 184.52545pt.

Overfull \hbox (17.92487pt too wide) in paragraph at lines 41--53
\OT1/cmss/m/sl/10.95 als internationaler Arbeitgeber ernst nimmt und seinen Mit
arbeitern ein attraktives Arbeitsumfeld
 []

<technik/images/becher-bedrucken.png, id=338, 1545.775pt x 959.585pt>
File: technik/images/becher-bedrucken.png Graphic file (type png)
<use technik/images/becher-bedrucken.png>
Package pdftex.def Info: technik/images/becher-bedrucken.png  used on input lin
e 60.
(pdftex.def)             Requested size: 312.9803pt x 194.28561pt.
[6 <./technik/images/spread-shirt.png>]

LaTeX Warning: No positions in optional float specifier.
               Default added (so using `tbp') on input line 73.

<technik/images/audi.png, id=344, 505.89pt x 798.985pt>
File: technik/images/audi.png Graphic file (type png)
<use technik/images/audi.png>
Package pdftex.def Info: technik/images/audi.png  used on input line 75.
(pdftex.def)             Requested size: 170.71652pt x 269.62752pt.

Overfull \hbox (18.79166pt too wide) in paragraph at lines 70--81
\OT1/cmss/m/n/10.95 umgesetzt. Wenn man eventuell die passenden Felgen sucht, b
ekommt man da einen []ubersichtlich
 []


Underfull \hbox (badness 10000) in paragraph at lines 81--84

 []

[7 <./technik/images/becher-bedrucken.png>]

LaTeX Warning: No positions in optional float specifier.
               Default added (so using `tbp') on input line 86.

<technik/images/siemens.png, id=351, 1003.75pt x 627.34375pt>
File: technik/images/siemens.png Graphic file (type png)
<use technik/images/siemens.png>
Package pdftex.def Info: technik/images/siemens.png  used on input line 88.
(pdftex.def)             Requested size: 369.88582pt x 231.18501pt.

Overfull \hbox (13.57535pt too wide) in paragraph at lines 84--93
\OT1/cmss/m/n/10.95 Systemschaltschr[]anke am 3D-Modell zu konfigurieren. Dabei
 w[]ahlt der Nutzer die verschiedenen
 []


Overfull \hbox (9.10403pt too wide) in paragraph at lines 93--95
\OT1/cmss/m/n/10.95 Beleuchtung. Dabei ist es m[]oglich, das Produkt nach belie
ben anzupassen und zu konfigurieren.
 []


Underfull \hbox (badness 10000) in paragraph at lines 93--95

 []

[8 <./technik/images/audi.png>]
Overfull \hbox (4.69359pt too wide) in paragraph at lines 98--100
\OT1/cmss/m/n/10.95 Frameworks entwickelt bzw. weiterentwickelt wurden. Die Anz
ahl der Angebote an JavaScript-
 []


Underfull \hbox (badness 6220) in paragraph at lines 103--103
[][] [][][]\OT1/cmss/m/n/9 Eine von Microsoft entwickelte Programmiersprache. T
ypeScript ist eine kompilierte und
 []


LaTeX Warning: Citation `stackoverflow_stack_2018' on page 9 undefined on input
 line 103.

<technik/images/google-trends.png, id=362, 1448.41125pt x 759.83875pt>
File: technik/images/google-trends.png Graphic file (type png)
<use technik/images/google-trends.png>
Package pdftex.def Info: technik/images/google-trends.png  used on input line 1
07.
(pdftex.def)             Requested size: 369.88582pt x 194.04037pt.

LaTeX Font Warning: Font shape `OT1/cmss/m/it' in size <9> not available
(Font)              Font shape `OT1/cmss/m/sl' tried instead on input line 112.



Overfull \hbox (12.55623pt too wide) in paragraph at lines 103--114
\OT1/cmss/m/n/10.95 wurde von Google entwickelt und ist ein Open-Source-Framewo
rk. Es unterst[]utzt den Entwickler
 []


Overfull \hbox (12.66272pt too wide) in paragraph at lines 103--114
\OT1/cmss/m/n/10.95 mit 36,9% einen Platz vor React mit 27,8% [[]]. Auerdem gi
bt es den Entwicklern Konventionen
 []

[9 <./technik/images/siemens.png (PNG copy)>]

LaTeX Warning: Citation `stackoverflow_stack_2018' on page 10 undefined on inpu
t line 119.


LaTeX Warning: Citation `kogel_paul_react_2015' on page 10 undefined on input l
ine 119.

[10 <./technik/images/google-trends.png>]
Overfull \hbox (4.30733pt too wide) in paragraph at lines 125--135
[]\OT1/cmss/bx/n/10.95 Vue.js[] \OT1/cmss/m/n/10.95 ist ein weiteres Frontend-F
ramework zur Entwicklung von \OT1/cmss/m/sl/10.95 Single Page Anwendungen\OT1/c
mss/m/n/10.95 .
 []


Overfull \hbox (23.17163pt too wide) in paragraph at lines 125--135
\OT1/cmss/m/n/10.95 Obwohl es kleiner ist, bringt es trotzdem alle wichtigen Fu
nktionen wie Suchmaschinenoptimierung
 []


Underfull \hbox (badness 10000) in paragraph at lines 125--135

 []


Underfull \hbox (badness 10000) in paragraph at lines 138--139

 []


LaTeX Warning: Citation `bahor_html5/webgl_2013' on page 11 undefined on input 
line 140.


Underfull \hbox (badness 10000) in paragraph at lines 140--141

 []


LaTeX Warning: Citation `bahor_html5/webgl_2013' on page 11 undefined on input 
line 143.


LaTeX Warning: Citation `deveria_alexis_can_2013' on page 11 undefined on input
 line 145.


Overfull \hbox (3.85582pt too wide) in paragraph at lines 142--146
\OT1/cmss/m/n/10.95 Players haben die Entwickler sogar eine z-Achse eingef[]uhr
t. Sie erm[]oglicht eine 3D Darstellung
 []


Overfull \hbox (16.98201pt too wide) in paragraph at lines 142--146
\OT1/cmss/m/n/10.95 von 3D-Inhalten wesentlich schneller abschneidet und h[]ohe
re Frameraten f[]ur die 3D-Animationen
 []

[11]
Underfull \hbox (badness 10000) in paragraph at lines 147--149

 []


Overfull \hbox (14.21277pt too wide) in paragraph at lines 153--154
\OT1/cmss/m/n/10.95 erstellt und rendert eine Szene mit den 3D Objekten. Im Fol
genden werden die zwei bekanntesten
 []


Overfull \hbox (79.59978pt too wide) in paragraph at lines 157--167
\OT1/cmss/m/n/10.95 Repository auf GitHub gehostet[][][][][]. Three.js hat eine
 verst[]andliche Struktur und groe Anpassungsm[]oglichkeiten.
 []

<technik/images/3d-framework.png, id=394, 693.792pt x 369.17924pt>
File: technik/images/3d-framework.png Graphic file (type png)
<use technik/images/3d-framework.png>
Package pdftex.def Info: technik/images/3d-framework.png  used on input line 17
4.
(pdftex.def)             Requested size: 369.88582pt x 196.82451pt.

LaTeX Warning: Citation `moreau-mathis_babylon.js_2016' on page 12 undefined on
 input line 179.

)
Overfull \hbox (56.78215pt too wide) in paragraph at lines 170--209
\OT1/cmss/m/n/10.95 Sounds spielen und verwalten, Gameplay erstellen und vieles
 mehr. Babylons.js ist ein benutzerfreundliches
 []


LaTeX Warning: `h' float specifier changed to `ht'.

[12] [13 <./technik/images/3d-framework.png>]
\openout2 = `grundlagen/grundlagen.aux'.

 (grundlagen/grundlagen.tex
[14



]

LaTeX Warning: Citation `bahor_html5/webgl_2013' on page 15 undefined on input 
line 23.


Overfull \hbox (16.07652pt too wide) in paragraph at lines 23--25
\OT1/cmss/m/n/10.95 viel clientseitig umzusetzten.[]\OT1/cmss/m/sl/10.95 Dies s
teigert die Benutzerfreundlichkeit und schafft die M[]oglichkeit
 []


Overfull \hbox (2.70139pt too wide) in paragraph at lines 23--25
\OT1/cmss/m/sl/10.95 und mobilen Plattformen.\ \OT1/cmss/m/n/10.95 [[]]. Im Fol
genden wird nun kurz etwas genauer darauf eingegangen
 []


Overfull \hbox (9.11655pt too wide) in paragraph at lines 27--29
[]\OT1/cmss/bx/n/10.95 Klassische Webanwendungen[] \OT1/cmss/m/n/10.95 Bevor ma
n sich damit befasst was Single Page Anwendungen
 []


Overfull \hbox (1.69746pt too wide) in paragraph at lines 27--29
\OT1/cmss/m/n/10.95 Dokumentes und kann es dann anzeigen. Bei diesem Vorgang li
egt die komplette Verarbeitung
 []

[15]

LaTeX Warning: Citation `domin_was_2018' on page 16 undefined on input line 34.



Overfull \hbox (7.04538pt too wide) in paragraph at lines 31--44
[]\OT1/cmss/bx/n/10.95 Dezentralisierung der Webanwendung[] \OT1/cmss/m/n/10.95
 Im Grunde arbeiten SPA's nach folgendem Prinzip:
 []


Overfull \hbox (7.38559pt too wide) in paragraph at lines 31--44
\OT1/cmss/m/n/10.95 Webanwendungen nun die Anfrage. Anschlieend wird im Webbro
wser eine Benutzeroberfl[]ache
 []


Overfull \hbox (18.83739pt too wide) in paragraph at lines 31--44
\OT1/cmss/m/n/10.95 einem Seitenwechsel oder anderen Interaktionen des Benutzer
s wird eine neue Benutzeroberfl[]ache
 []


Overfull \hbox (11.21803pt too wide) in paragraph at lines 31--44
\OT1/cmss/m/n/10.95 Die Grundlage einer solchen Anwendung ist das Routing. Abh[
]angig vom Pfad werden bestimmte
 []


Overfull \hbox (6.91405pt too wide) in paragraph at lines 49--51
\OT1/cmss/m/n/10.95 Angular ist ein Framework, das auf Komponenten setzt. Das P
rinzip der komponentenbasierten
 []


Overfull \hbox (34.7454pt too wide) in paragraph at lines 49--51
\OT1/cmss/m/n/10.95 Entwicklung kommt nicht nur bei Angular vor, sondern auch b
ei vielen anderen Programmiersprachen
 []


Underfull \hbox (badness 10000) in paragraph at lines 49--51

 []


LaTeX Warning: Citation `woiwode_angular:_2017' on page 16 undefined on input l
ine 52.


Overfull \hbox (5.24109pt too wide) in paragraph at lines 52--53
\OT1/cmss/m/sl/10.95 Aufgabe erf[]ullen. Eine Komponente beschreibt somit immer
 einen kleinen Teil der Anwendung,
 []


Underfull \hbox (badness 10000) in paragraph at lines 52--53

 []

[16]

LaTeX Warning: Citation `unlu_angular_2018' on page 17 undefined on input line 
57.


Overfull \hbox (11.65901pt too wide) in paragraph at lines 55--58
\OT1/cmss/m/n/10.95 dass die Style-Definitionen nur innerhalb der Komponente ge
lten. Globale Styles der Anwendung
 []


Overfull \hbox (4.32785pt too wide) in paragraph at lines 55--58
\OT1/cmss/m/n/10.95 Der Startpunkt der Anwendung ist die \OT1/cmtt/m/n/10.95 in
dex.html\OT1/cmss/m/n/10.95 . Sie definiert die Applikationskomponente,
 []


Overfull \hbox (17.30138pt too wide) in paragraph at lines 55--58
\OT1/cmss/m/n/10.95 Komponenten verschachtelt werden k[]onnen. Dies ist das Gru
ndprinzip der komponentenbasierten
 []


Underfull \hbox (badness 10000) in paragraph at lines 60--61

 []


LaTeX Warning: Citation `poniros_angular_2019' on page 17 undefined on input li
ne 62.


Overfull \hbox (25.51823pt too wide) in paragraph at lines 62--63
[][]\OT1/cmss/m/sl/10.95 Angular-Module helfen beim Gliedern einer Webanwendung
 in verschiednene Funktionsbl[]ocke.
 []


Overfull \hbox (15.73502pt too wide) in paragraph at lines 62--63
\OT1/cmss/m/sl/10.95 und erlauben nur den Zugriff auf exportierte Konstrukte. A
ngular-Module kapseln Komponenten,
 []


Underfull \hbox (badness 10000) in paragraph at lines 62--63

 []

<grundlagen/images/module.png, id=433, 1164.35pt x 628.3475pt>
File: grundlagen/images/module.png Graphic file (type png)
<use grundlagen/images/module.png>
Package pdftex.def Info: grundlagen/images/module.png  used on input line 68.
(pdftex.def)             Requested size: 398.33858pt x 214.95844pt.
[17]
Overfull \hbox (20.99123pt too wide) in paragraph at lines 77--82
[]\OT1/cmss/bx/n/10.95 Hauseigene Module[] \OT1/cmss/m/n/10.95 Angular hat auch
 ein paar hauseigene Module, die je nach Anwendungsfall
 []


Overfull \hbox (15.53418pt too wide) in paragraph at lines 77--82
\OT1/cmss/m/n/10.95 formatieren kann. Auch sprachabh[]angige Funktionalit[]aten
 sind in den \OT1/cmss/m/sl/10.95 CommonModule \OT1/cmss/m/n/10.95 enhalten. 
 []

[18 <./grundlagen/images/module.png>]
Underfull \hbox (badness 1033) in paragraph at lines 85--85
[][] [][][]\OT1/cmss/m/n/9 Auf die weiteren Bestandteile von Angular wird hier 
nicht im Details eingegangen. Genauere
 []


LaTeX Warning: Citation `unlu_angular_2018' on page 19 undefined on input line 
89.

LaTeX Font Info:    Try loading font information for OMS+cmtt on input line 89.

LaTeX Font Info:    No file OMScmtt.fd. on input line 89.

LaTeX Font Warning: Font shape `OMS/cmtt/m/n' undefined
(Font)              using `OMS/cmsy/m/n' instead
(Font)              for symbol `textbraceleft' on input line 89.


Overfull \hbox (16.1302pt too wide) in paragraph at lines 89--91
\OT1/cmss/m/sl/10.95 und der Logikschicht\ \OT1/cmss/m/n/10.95 [[]]. Man kann b
eispielsweise Variablen oder Eigenschaften aus TypeScript-
 []


Overfull \hbox (0.80014pt too wide) in paragraph at lines 93--96
\OT1/cmss/m/n/10.95 muss. Attribut-Direktiven machen eigentlich nichts anderes 
als eine Anpassung des Aussehens
 []


Overfull \hbox (24.16032pt too wide) in paragraph at lines 98--101
\OT1/cmss/m/n/10.95 Die Pipe manipuliert die Ausgabe und sorgt daf[]ur, dass be
ispielsweise der Name in Grobuchstaben
 []

[19]
Overfull \hbox (10.9839pt too wide) in paragraph at lines 103--106
[]\OT1/cmss/bx/n/10.95 Services[] \OT1/cmss/m/n/10.95 Der Begriff Services in d
er Entwicklung ist breit gef[]achert. Jede Programmiersprache
 []


Overfull \hbox (7.9622pt too wide) in paragraph at lines 107--109
\OT1/cmss/m/n/10.95 anzulegen. Die CLI legt dann im Hintergrund die ben[]otigte
 Projektstruktur mit allen ben[]otigten
 []


Overfull \hbox (27.9016pt too wide) in paragraph at lines 107--109
\OT1/cmss/m/n/10.95 Ganze User-Interaktionen k[]onnen simuliert werden, auch au
f verschiedenen Ger[]ate-Klassifikationen.
 []


LaTeX Warning: Citation `bohm_robin_angular_2017' on page 20 undefined on input
 line 110.


LaTeX Warning: Citation `steyer_ruhe_2018' on page 20 undefined on input line 1
10.

[20]
Overfull \hbox (19.5673pt too wide) in paragraph at lines 122--125
\OT1/cmss/m/n/10.95 Schon 2010 begann Ricardo Cabello Miguel die 3D-Bibliothek 
Three.js zu entwickeln. Mittlerweile
 []


Overfull \hbox (1.48462pt too wide) in paragraph at lines 122--125
\OT1/cmss/m/n/10.95 und Beispiele erm[]oglichen die Entwicklung von Modellierun
gsanwendungen bis hin zu Spielen.
 []


Overfull \hbox (12.22177pt too wide) in paragraph at lines 128--129
\OT1/cmss/m/n/10.95 Objekten, anstatt nur JavaScript-Funktionsaufrufe durchzuf[
]uhren. Folgendes einfaches Beispiel,
 []


Underfull \hbox (badness 10000) in paragraph at lines 128--129

 []


Underfull \hbox (badness 10000) in paragraph at lines 130--132

 []


Overfull \hbox (17.8763pt too wide) in paragraph at lines 133--135
[][]\OT1/cmss/m/n/10.95 Uber verschiedene Funktionen k[]onnen dann die weiteren
 Bestandteile einer Szene hinzugef[]ugt
 []

[21]
Overfull \hbox (15.79587pt too wide) in paragraph at lines 136--138
[]\OT1/cmss/bx/n/10.95 Kamera[] \OT1/cmss/m/n/10.95 Es gibt verschiedene Kamera
typen. Normalerweise wird immer die \OT1/cmss/m/sl/10.95 PerspectiveCamera
 []


Overfull \hbox (2.21468pt too wide) in paragraph at lines 136--138
\OT1/cmss/m/n/10.95 Kamera wird auch als Objekt in der Szene angelegt. Dabei m[
]ussen verschiedene Eigenschaften
 []


Overfull \hbox (14.75145pt too wide) in paragraph at lines 148--150
\OT1/cmss/m/n/10.95 wieder verschiedene Materials, je nach Anwendungsfall[][][]
[][]. Dabei hat man unz[]ahlige M[]oglichkeiten
 []


Overfull \hbox (11.26367pt too wide) in paragraph at lines 156--158
\OT1/cmss/m/n/10.95 darstellen. Dazu werden Loader, also Werkzeuge mit denen ma
n Modelle laden kann, verwendet.
 []


Overfull \hbox (15.69856pt too wide) in paragraph at lines 156--158
\OT1/cmss/m/n/10.95 manchmal Importierungsprobleme. Einige bekannte Loader sind
: \OT1/cmss/m/sl/10.95 ColladaLoader[][][][][]\OT1/cmss/m/n/10.95 , \OT1/cmss/m
/sl/10.95 OBJLoader[][][][][]
 []

[22]

LaTeX Warning: Citation `webalive' on page 23 undefined on input line 173.


LaTeX Warning: Citation `searchenginewatch' on page 23 undefined on input line 
174.


LaTeX Warning: Citation `marcotte_responsive_2010' on page 23 undefined on inpu
t line 176.


LaTeX Warning: Citation `gardner_what_2014' on page 23 undefined on input line 
177.


LaTeX Warning: Citation `gardner_what_2014' on page 23 undefined on input line 
178.


Underfull \hbox (badness 10000) in paragraph at lines 191--192

 []


LaTeX Warning: Citation `din-en-iso-9241-210_ergonomie_2010' on page 23 undefin
ed on input line 193.


Underfull \hbox (badness 10000) in paragraph at lines 193--194

 []


LaTeX Warning: Citation `von_gizycki_usability_2002' on page 23 undefined on in
put line 195.


Underfull \hbox (badness 10000) in paragraph at lines 195--196

 []


LaTeX Warning: Citation `richter_usability_2016' on page 23 undefined on input 
line 197.


Underfull \hbox (badness 10000) in paragraph at lines 197--198

 []

[23]

LaTeX Warning: Citation `richter_usability_2016' on page 24 undefined on input 
line 200.


Overfull \hbox (11.65901pt too wide) in paragraph at lines 200--201
\OT1/cmss/m/sl/10.95 physischer Produkte und Bedienelemente, aber auch das graf
ische Design, wichtige Bestandteile
 []


Underfull \hbox (badness 10000) in paragraph at lines 200--201

 []

)
Overfull \hbox (34.34982pt too wide) in paragraph at lines 214--212
\OT1/cmss/m/n/10.95 verschiedener Gesch[]aftskomponenten darstellen. Diese Gesc
h[]aftskomponenten werden verschiedenen
 []


Overfull \hbox (37.63477pt too wide) in paragraph at lines 214--212
\OT1/cmss/m/n/10.95 darstellen. Diese Objekte werden Leistungstests mit verschi
edenen Parametern und Belastungsniveaus
 []

[24]
\openout2 = `methodik/methodik.aux'.

 (methodik/methodik.tex
Underfull \hbox (badness 10000) in paragraph at lines 29--30
[]|\OT1/cmss/m/n/10.95 Der Benutzer kann zwischen verschiedenen
 []


Underfull \hbox (badness 6047) in paragraph at lines 31--32
[]|\OT1/cmss/m/n/10.95 Der Benutzer kann beispielsweise den Becher
 []


Underfull \hbox (badness 7362) in paragraph at lines 35--36
[]|\OT1/cmss/m/n/10.95 Der Benutzer kann bestimmte Zusatzoptionen
 []


Underfull \hbox (badness 3646) in paragraph at lines 37--38
[]|\OT1/cmss/m/n/10.95 Der Benutzer kann sich eine []Ubersicht seiner
 []


Underfull \hbox (badness 1571) in paragraph at lines 39--40
[]|\OT1/cmss/m/n/10.95 Der Benutzer kann seinen konfigurierten Becher
 []


LaTeX Warning: `h' float specifier changed to `ht'.

[25



]
Overfull \hbox (4.65033pt too wide) in paragraph at lines 53--55
[]\OT1/cmss/bx/n/10.95 Upload des Designs[] \OT1/cmss/m/n/10.95 Normalerweise k
ann ein Kunde einen Mehrwegbecher []uber Flyeralarm[][][][][]
 []

[26]
Overfull \hbox (1.98648pt too wide) in paragraph at lines 59--61
\OT1/cmss/m/n/10.95 implementiert werden, die es dem Benutzer erm[]oglicht die 
[]Ubersicht inkulsive einer Abbildung
 []


Underfull \hbox (badness 10000) in paragraph at lines 81--82
[]|\OT1/cmss/m/n/10.95 Der Benutzer kann zwischen verschiedenen
 []


Underfull \hbox (badness 6047) in paragraph at lines 83--84
[]|\OT1/cmss/m/n/10.95 Der Benutzer kann beispielsweise den Becher
 []


Underfull \hbox (badness 7362) in paragraph at lines 87--88
[]|\OT1/cmss/m/n/10.95 Der Benutzer kann bestimmte Zusatzoptionen
 []


Underfull \hbox (badness 3646) in paragraph at lines 89--90
[]|\OT1/cmss/m/n/10.95 Der Benutzer kann sich eine []Ubersicht seiner
 []


Underfull \hbox (badness 1571) in paragraph at lines 91--92
[]|\OT1/cmss/m/n/10.95 Der Benutzer kann seinen konfigurierten Becher
 []


Overfull \hbox (22.02591pt too wide) in paragraph at lines 77--94
[][] 
 []


Overfull \hbox (0.12236pt too wide) in paragraph at lines 104--107
[]\OT1/cmss/bx/n/10.95 Realistisches Design-Rendering[] \OT1/cmss/m/n/10.95 kub
isches Problem Auch was die 3D-Darstellung angeht,
 []

[27]
Overfull \hbox (8.05191pt too wide) in paragraph at lines 108--110
[]\OT1/cmss/bx/n/10.95 Responsive Webdesign[] \OT1/cmss/m/n/10.95 Es ist wichti
g das der Konfigurator auf verschiedenen Displaygr[]oen
 []

[28]
LaTeX Font Info:    Try loading font information for OMS+cmss on input line 127
.
LaTeX Font Info:    No file OMScmss.fd. on input line 127.


LaTeX Font Warning: Font shape `OMS/cmss/m/n' undefined
(Font)              using `OMS/cmsy/m/n' instead
(Font)              for symbol `textbullet' on input line 127.

)
Underfull \hbox (badness 10000) in paragraph at lines 126--215

 []

[29]
\openout2 = `umsetzung/umsetzung.aux'.

 (umsetzung/umsetzung.tex [30



]
Overfull \hbox (40.87282pt too wide) in paragraph at lines 14--15
\OT1/cmss/m/n/10.95 Leerseiten erzeugt werden. Einstiegspunkt f[]ur die Bachelo
rarbeit ist die Datei \OT1/cmtt/m/n/10.95 abschlussarbeit.tex\OT1/cmss/m/n/10.9
5 .
 []


Overfull \hbox (29.89381pt too wide) in paragraph at lines 14--15
\OT1/cmss/m/n/10.95 Tragen Sie zun[]achst den Titel der Arbeit und alle Namen e
in. Bei hochschulinternen Bachlorarbeiten
 []

) [31]
\openout2 = `testphase/testphase.aux'.

 (testphase/testphase.tex [32



]) [33]
\openout2 = `fazit/fazit.aux'.

 (fazit/fazit.tex [34



]) [35]
\openout2 = `anhang/anhang.aux'.


(anhang/anhang.tex [36



])
Underfull \vbox (badness 10000) has occurred while \output is active []

 [37]
[38]
\openout2 = `glossar/glossar.aux'.

 (glossar/glossar.tex)
Overfull \hbox (34.79132pt too wide) in paragraph at lines 11--239
[] 
 []

[39





] (abschlussarbeit.bbl [40


]
bibitemlist

Underfull \hbox (badness 10000) in paragraph at lines 17--21
[]\OT1/cmr/m/sc/10.95 Bahor\OT1/cmss/m/n/10.95 , Senad:  HTML5/WebGL vs Flash i
n 3D Visualisation.
 []


Underfull \hbox (badness 10000) in paragraph at lines 17--21
[][]$\OT1/cmtt/m/n/10.95 http : / / old . cescg . org / CESCG-[]2013 / papers /
 Bahor-[]HTML5WebGL _ vs _
 []


Underfull \hbox (badness 10000) in paragraph at lines 23--28
\OT1/cmtt/m/n/10.95 / / www . din . de / de / mitwirken / normenausschuesse / n
aerg / wdc-[]beuth :
 []


Underfull \hbox (badness 1946) in paragraph at lines 40--44
[]\OT1/cmr/m/sc/10.95 Flyeralarm\OT1/cmss/m/n/10.95 :  \OT1/cmss/m/sl/10.95 Meh
rwegbecher g[]unstig und schnell bei FLYERALARM\OT1/cmss/m/n/10.95 .
 []


Underfull \hbox (badness 10000) in paragraph at lines 40--44
[][]$\OT1/cmtt/m/n/10.95 https : / / www . flyeralarm . com / de / shop / confi
gurator / index / id / 6899 /
 []

! Missing $ inserted.
<inserted text> 
                $
l.58 \newblock DOI 10.1007/978--3--642--56377--5_
                                                 1. --
I've inserted a begin-math/end-math symbol since I think
you left one out. Proceed, with fingers crossed.

! Missing $ inserted.
<inserted text> 
                $
l.60 
     
I've inserted a begin-math/end-math symbol since I think
you left one out. Proceed, with fingers crossed.

! Missing } inserted.
<inserted text> 
                }
l.60 
     
I've inserted something that you may have forgotten.
(See the <inserted text> above.)
With luck, this will get me unwedged. But if you
really didn't forget anything, try typing `2' now; then
my insertion and my current dilemma will both disappear.

! Extra }, or forgotten \endgroup.
\par ...m \@noitemerr {\@@par }\fi \else {\@@par }
                                                  \fi 
l.60 
     
I've deleted a group-closing symbol because it seems to be
spurious, as in `$x}$'. But perhaps the } is legitimate and
you forgot something else, as in `\hbox{$x}'. In such cases
the way to recover is to insert both the forgotten and the
deleted material, e.g., by typing `I$}'.

[41]
! Missing $ inserted.
<inserted text> 
                $
l.100 \newblock DOI 10.1007/978--3--662--49828--6_
                                                  2. --
I've inserted a begin-math/end-math symbol since I think
you left one out. Proceed, with fingers crossed.

! Missing $ inserted.
<inserted text> 
                $
l.102 
      
I've inserted a begin-math/end-math symbol since I think
you left one out. Proceed, with fingers crossed.

! Missing } inserted.
<inserted text> 
                }
l.102 
      
I've inserted something that you may have forgotten.
(See the <inserted text> above.)
With luck, this will get me unwedged. But if you
really didn't forget anything, try typing `2' now; then
my insertion and my current dilemma will both disappear.

! Extra }, or forgotten \endgroup.
\par ...m \@noitemerr {\@@par }\fi \else {\@@par }
                                                  \fi 
l.102 
      
I've deleted a group-closing symbol because it seems to be
spurious, as in `$x}$'. But perhaps the } is legitimate and
you forgot something else, as in `\hbox{$x}'. In such cases
the way to recover is to insert both the forgotten and the
deleted material, e.g., by typing `I$}'.


LaTeX Font Warning: Font shape `OMS/cmss/m/it' undefined
(Font)              using `OMS/cmss/m/n' instead
(Font)              for symbol `textbar' on input line 106.


Underfull \hbox (badness 10000) in paragraph at lines 110--115
[]\OT1/cmr/m/sc/10.95 Stackoverflow\OT1/cmss/m/n/10.95 :  \OT1/cmss/m/sl/10.95 
Die Stack Overflow Entwicklerumfrage 2018 \OMS/cmss/m/it/10.95 j \OT1/cmss/m/sl
/10.95 Stack
 []


Underfull \hbox (badness 10000) in paragraph at lines 110--115
\OT1/cmss/m/sl/10.95 Overflow\OT1/cmss/m/n/10.95 .  [][]$\OT1/cmtt/m/n/10.95 ht
tps : / / www . stackoverflowbusiness . com / de / talent / ressourcen /
 []

) [42]
No file abschlussarbeit.ind.
\tf@toc=\write6
\openout6 = `abschlussarbeit.toc'.

\tf@lof=\write7
\openout7 = `abschlussarbeit.lof'.

Package atveryend Info: Empty hook `BeforeClearDocument' on input line 261.
Package atveryend Info: Empty hook `AfterLastShipout' on input line 261.
(abschlussarbeit.aux (acknow/acknow.aux) (erklaerung/erklaerung.aux)
(intro/intro.aux) (technik/technik.aux) (grundlagen/grundlagen.aux)
(methodik/methodik.aux) (umsetzung/umsetzung.aux) (testphase/testphase.aux)
(fazit/fazit.aux) (anhang/anhang.aux) (glossar/glossar.aux))
Package atveryend Info: Executing hook `AtVeryEndDocument' on input line 261.
Package atveryend Info: Executing hook `AtEndAfterFileList' on input line 261.


Package rerunfilecheck Warning: File `abschlussarbeit.out' has changed.
(rerunfilecheck)                Rerun to get outlines right
(rerunfilecheck)                or use package `bookmark'.

Package rerunfilecheck Info: Checksums for `abschlussarbeit.out':
(rerunfilecheck)             Before: 79952BD5805CE5D8BEFC5A23D5101A17;2758
(rerunfilecheck)             After:  AB11BAD122BFF1B7BF20475EDA5C8A18;2817.

LaTeX Font Warning: Some font shapes were not available, defaults substituted.


LaTeX Warning: There were undefined references.


LaTeX Warning: There were multiply-defined labels.

Package atveryend Info: Empty hook `AtVeryVeryEnd' on input line 261.
 ) 
Here is how much of TeX's memory you used:
 11292 strings out of 494865
 168786 string characters out of 3178377
 316122 words of memory out of 3000000
 14488 multiletter control sequences out of 15000+200000
 20871 words of font info for 83 fonts, out of 3000000 for 9000
 0 hyphenation exceptions out of 8191
 38i,12n,44p,1497b,442s stack positions out of 5000i,500n,10000p,200000b,50000s
</home/luke/.miktex/texmfs/install/fonts/type1/public/amsfonts/cm/cmcsc10.pfb
></home/luke/.miktex/texmfs/install/fonts/type1/public/amsfonts/cm/cmmi10.pfb><
/home/luke/.miktex/texmfs/install/fonts/type1/public/amsfonts/cm/cmr10.pfb></ho
me/luke/.miktex/texmfs/install/fonts/type1/public/amsfonts/cm/cmr8.pfb></home/l
uke/.miktex/texmfs/install/fonts/type1/public/amsfonts/cm/cmss10.pfb></home/luk
e/.miktex/texmfs/install/fonts/type1/public/amsfonts/cm/cmss8.pfb></home/luke/.
miktex/texmfs/install/fonts/type1/public/amsfonts/cm/cmss9.pfb></home/luke/.mik
tex/texmfs/install/fonts/type1/public/amsfonts/cm/cmssbx10.pfb></home/luke/.mik
tex/texmfs/install/fonts/type1/public/amsfonts/cm/cmssi10.pfb></home/luke/.mikt
ex/texmfs/install/fonts/type1/public/amsfonts/cm/cmssi12.pfb></home/luke/.mikte
x/texmfs/install/fonts/type1/public/amsfonts/cm/cmssi9.pfb></home/luke/.miktex/
texmfs/install/fonts/type1/public/amsfonts/cm/cmsy10.pfb></home/luke/.miktex/te
xmfs/install/fonts/type1/public/amsfonts/cm/cmtt10.pfb>
Output written on abschlussarbeit.pdf (54 pages, 2261869 bytes).
PDF statistics:
 728 PDF objects out of 1000 (max. 8388607)
 191 named destinations out of 1000 (max. 500000)
 398 words of extra memory for PDF output out of 10000 (max. 10000000)

